#
# There is insufficient memory for the Java Runtime Environment to continue.
# Native memory allocation (malloc) failed to allocate 565136 bytes for Chunk::new
# Possible reasons:
#   The system is out of physical RAM or swap space
#   The process is running with CompressedOops enabled, and the Java Heap may be blocking the growth of the native heap
# Possible solutions:
#   Reduce memory load on the system
#   Increase physical memory or swap space
#   Check if swap backing store is full
#   Decrease Java heap size (-Xmx/-Xms)
#   Decrease number of Java threads
#   Decrease Java thread stack sizes (-Xss)
#   Set larger code cache with -XX:ReservedCodeCacheSize=
#   JVM is running with Unscaled Compressed Oops mode in which the Java heap is
#     placed in the first 4GB address space. The Java Heap base address is the
#     maximum limit for the native heap growth. Please use -XX:HeapBaseMinAddress
#     to set the Java Heap base and to place the Java Heap above 4GB virtual address.
# This output file may be truncated or incomplete.
#
#  Out of Memory Error (./src/hotspot/share/memory/arena.cpp:197), pid=12768, tid=9424
#
# JRE version: OpenJDK Runtime Environment (11.0.10) (build 11.0.10+0-b96-7249189)
# Java VM: OpenJDK 64-Bit Server VM (11.0.10+0-b96-7249189, mixed mode, tiered, compressed oops, g1 gc, windows-amd64)
# No core dump will be written. Minidumps are not enabled by default on client versions of Windows
#

---------------  S U M M A R Y ------------

Command Line: --add-opens=java.base/java.util=ALL-UNNAMED --add-opens=java.base/java.lang=ALL-UNNAMED --add-opens=java.base/java.lang.invoke=ALL-UNNAMED --add-opens=java.base/java.util=ALL-UNNAMED --add-opens=java.prefs/java.util.prefs=ALL-UNNAMED --add-opens=java.prefs/java.util.prefs=ALL-UNNAMED --add-opens=java.base/java.nio.charset=ALL-UNNAMED --add-opens=java.base/java.net=ALL-UNNAMED --add-opens=java.base/java.util.concurrent.atomic=ALL-UNNAMED -Xmx2048m -Dfile.encoding=UTF-8 -Duser.country=US -Duser.language=en -Duser.variant org.gradle.launcher.daemon.bootstrap.GradleDaemon 7.0.2

Host: Intel(R) Core(TM) i5-7300HQ CPU @ 2.50GHz, 4 cores, 7G,  Windows 10 , 64 bit Build 19041 (10.0.19041.1348)
Time: Sun Jan  2 11:22:43 2022 FLE Standard Time elapsed time: 34.194744 seconds (0d 0h 0m 34s)

---------------  T H R E A D  ---------------

Current thread (0x00000241485c0000):  JavaThread "C2 CompilerThread0" daemon [_thread_in_native, id=9424, stack(0x0000007192300000,0x0000007192400000)]


Current CompileTask:
C2:  34194 9329       4       com.android.ide.common.resources.ValueResourceParser2::getResource (73 bytes)

Stack: [0x0000007192300000,0x0000007192400000]
Native frames: (J=compiled Java code, j=interpreted, Vv=VM code, C=native code)
V  [jvm.dll+0x5ecfaa]
V  [jvm.dll+0x722bd5]
V  [jvm.dll+0x72412d]
V  [jvm.dll+0x7247e3]
V  [jvm.dll+0x242928]
V  [jvm.dll+0xbc4fc]
V  [jvm.dll+0xbca0c]
V  [jvm.dll+0x352d3b]
V  [jvm.dll+0x19800c]
V  [jvm.dll+0x1fb70e]
V  [jvm.dll+0x1fa7f4]
V  [jvm.dll+0x18354c]
V  [jvm.dll+0x208ee7]
V  [jvm.dll+0x207731]
V  [jvm.dll+0x6eb1cf]
V  [jvm.dll+0x6e3d45]
V  [jvm.dll+0x5ebe96]
C  [ucrtbase.dll+0x21bb2]
C  [KERNEL32.DLL+0x17034]
C  [ntdll.dll+0x52651]


---------------  P R O C E S S  ---------------

Threads class SMR info:
_java_thread_list=0x000002414c861e80, length=50, elements={
0x000002412ca6a000, 0x000002414859c800, 0x00000241485a0000, 0x0000024148f42800,
0x00000241485bb000, 0x00000241485be000, 0x00000241485c0000, 0x00000241485c8800,
0x00000241485ce800, 0x0000024149081000, 0x000002414b3bd800, 0x00000241492f9800,
0x000002414ba38000, 0x000002414a922800, 0x000002414bc6f800, 0x000002414a85a800,
0x000002414a8da800, 0x0000024149d7c800, 0x000002414c298800, 0x000002414b68e800,
0x000002414b68c800, 0x000002414b68d800, 0x000002414b68f000, 0x000002414b690000,
0x000002414b690800, 0x000002414b691800, 0x000002414b692800, 0x000002414b693000,
0x000002414c64d800, 0x000002414c651000, 0x000002414c651800, 0x000002414c64c800,
0x000002414c64f000, 0x000002414c653000, 0x000002414c654000, 0x000002414c64e800,
0x000002414c657800, 0x000002414c655800, 0x000002414c655000, 0x000002414c658000,
0x000002414c659000, 0x000002414c656800, 0x000002414c65a000, 0x000002414c65b800,
0x000002414cd60000, 0x000002414cd5c000, 0x000002414cd5b000, 0x000002414cd5f000,
0x000002414cd5c800, 0x0000024150870000
}

Java Threads: ( => current thread )
  0x000002412ca6a000 JavaThread "main" [_thread_blocked, id=8364, stack(0x0000007191700000,0x0000007191800000)]
  0x000002414859c800 JavaThread "Reference Handler" daemon [_thread_blocked, id=6960, stack(0x0000007191e00000,0x0000007191f00000)]
  0x00000241485a0000 JavaThread "Finalizer" daemon [_thread_blocked, id=3916, stack(0x0000007191f00000,0x0000007192000000)]
  0x0000024148f42800 JavaThread "Signal Dispatcher" daemon [_thread_blocked, id=1116, stack(0x0000007192000000,0x0000007192100000)]
  0x00000241485bb000 JavaThread "Attach Listener" daemon [_thread_blocked, id=12544, stack(0x0000007192100000,0x0000007192200000)]
  0x00000241485be000 JavaThread "Service Thread" daemon [_thread_blocked, id=384, stack(0x0000007192200000,0x0000007192300000)]
=>0x00000241485c0000 JavaThread "C2 CompilerThread0" daemon [_thread_in_native, id=9424, stack(0x0000007192300000,0x0000007192400000)]
  0x00000241485c8800 JavaThread "C1 CompilerThread0" daemon [_thread_in_vm, id=13716, stack(0x0000007192400000,0x0000007192500000)]
  0x00000241485ce800 JavaThread "Sweeper thread" daemon [_thread_blocked, id=11440, stack(0x0000007192500000,0x0000007192600000)]
  0x0000024149081000 JavaThread "Common-Cleaner" daemon [_thread_blocked, id=10620, stack(0x0000007192600000,0x0000007192700000)]
  0x000002414b3bd800 JavaThread "Daemon health stats" [_thread_blocked, id=2692, stack(0x0000007192b00000,0x0000007192c00000)]
  0x00000241492f9800 JavaThread "Incoming local TCP Connector on port 63833" [_thread_in_native, id=3696, stack(0x0000007192800000,0x0000007192900000)]
  0x000002414ba38000 JavaThread "Daemon periodic checks" [_thread_blocked, id=7500, stack(0x0000007192c00000,0x0000007192d00000)]
  0x000002414a922800 JavaThread "Daemon" [_thread_blocked, id=10396, stack(0x0000007192d00000,0x0000007192e00000)]
  0x000002414bc6f800 JavaThread "Handler for socket connection from /127.0.0.1:63833 to /127.0.0.1:63834" [_thread_in_native, id=14116, stack(0x0000007192e00000,0x0000007192f00000)]
  0x000002414a85a800 JavaThread "Cancel handler" [_thread_blocked, id=3524, stack(0x0000007192f00000,0x0000007193000000)]
  0x000002414a8da800 JavaThread "Daemon worker" [_thread_blocked, id=3412, stack(0x0000007193000000,0x0000007193100000)]
  0x0000024149d7c800 JavaThread "Asynchronous log dispatcher for DefaultDaemonConnection: socket connection from /127.0.0.1:63833 to /127.0.0.1:63834" [_thread_blocked, id=5284, stack(0x0000007193100000,0x0000007193200000)]
  0x000002414c298800 JavaThread "Stdin handler" [_thread_blocked, id=1788, stack(0x0000007193200000,0x0000007193300000)]
  0x000002414b68e800 JavaThread "Daemon client event forwarder" [_thread_blocked, id=7508, stack(0x0000007193300000,0x0000007193400000)]
  0x000002414b68c800 JavaThread "Cache worker for file hash cache (C:\Users\mahdi\.gradle\caches\7.0.2\fileHashes)" [_thread_blocked, id=3364, stack(0x0000007193500000,0x0000007193600000)]
  0x000002414b68d800 JavaThread "File lock request listener" [_thread_in_native, id=11044, stack(0x0000007193600000,0x0000007193700000)]
  0x000002414b68f000 JavaThread "Cache worker for journal cache (C:\Users\mahdi\.gradle\caches\journal-1)" [_thread_blocked, id=12580, stack(0x0000007193700000,0x0000007193800000)]
  0x000002414b690000 JavaThread "Cache worker for file hash cache (C:\Users\mahdi\AndroidStudioProjects\InternetConnection\.gradle\7.0.2\fileHashes)" [_thread_blocked, id=12156, stack(0x0000007193900000,0x0000007193a00000)]
  0x000002414b690800 JavaThread "File watcher server" daemon [_thread_in_native, id=11680, stack(0x0000007193a00000,0x0000007193b00000)]
  0x000002414b691800 JavaThread "File watcher consumer" daemon [_thread_blocked, id=13268, stack(0x0000007193b00000,0x0000007193c00000)]
  0x000002414b692800 JavaThread "Cache worker for checksums cache (C:\Users\mahdi\AndroidStudioProjects\InternetConnection\.gradle\checksums)" [_thread_blocked, id=13340, stack(0x0000007193c00000,0x0000007193d00000)]
  0x000002414b693000 JavaThread "Cache worker for cache directory md-supplier (C:\Users\mahdi\.gradle\caches\7.0.2\md-supplier)" [_thread_blocked, id=5884, stack(0x0000007193d00000,0x0000007193e00000)]
  0x000002414c64d800 JavaThread "Cache worker for cache directory md-rule (C:\Users\mahdi\.gradle\caches\7.0.2\md-rule)" [_thread_blocked, id=3880, stack(0x0000007193e00000,0x0000007193f00000)]
  0x000002414c651000 JavaThread "Cache worker for execution history cache (C:\Users\mahdi\.gradle\caches\7.0.2\executionHistory)" [_thread_blocked, id=10644, stack(0x0000007193f00000,0x0000007194000000)]
  0x000002414c651800 JavaThread "jar transforms" [_thread_blocked, id=9168, stack(0x0000007194000000,0x0000007194100000)]
  0x000002414c64c800 JavaThread "jar transforms Thread 2" [_thread_blocked, id=12960, stack(0x0000007194100000,0x0000007194200000)]
  0x000002414c64f000 JavaThread "Cache worker for file content cache (C:\Users\mahdi\.gradle\caches\7.0.2\fileContent)" [_thread_blocked, id=8164, stack(0x0000007194200000,0x0000007194300000)]
  0x000002414c653000 JavaThread "Cache worker for dependencies-accessors (C:\Users\mahdi\AndroidStudioProjects\InternetConnection\.gradle\7.0.2\dependencies-accessors)" [_thread_blocked, id=10268, stack(0x0000007194300000,0x0000007194400000)]
  0x000002414c654000 JavaThread "jar transforms Thread 3" [_thread_blocked, id=2424, stack(0x0000007194400000,0x0000007194500000)]
  0x000002414c64e800 JavaThread "Cache worker for Build Output Cleanup Cache (C:\Users\mahdi\AndroidStudioProjects\InternetConnection\.gradle\buildOutputCleanup)" [_thread_blocked, id=11456, stack(0x0000007194500000,0x0000007194600000)]
  0x000002414c657800 JavaThread "Build operations" [_thread_blocked, id=11668, stack(0x0000007194600000,0x0000007194700000)]
  0x000002414c655800 JavaThread "Build operations Thread 2" [_thread_blocked, id=13748, stack(0x0000007194700000,0x0000007194800000)]
  0x000002414c655000 JavaThread "Build operations Thread 3" [_thread_blocked, id=13708, stack(0x0000007194800000,0x0000007194900000)]
  0x000002414c658000 JavaThread "Build operations Thread 4" [_thread_blocked, id=1052, stack(0x0000007194900000,0x0000007194a00000)]
  0x000002414c659000 JavaThread "jar transforms Thread 4" [_thread_blocked, id=12272, stack(0x0000007194a00000,0x0000007194b00000)]
  0x000002414c656800 JavaThread "Memory manager" [_thread_blocked, id=9060, stack(0x0000007193800000,0x0000007193900000)]
  0x000002414c65a000 JavaThread "build event listener" [_thread_blocked, id=10300, stack(0x0000007194c00000,0x0000007194d00000)]
  0x000002414c65b800 JavaThread "Execution worker for ':'" [_thread_blocked, id=5256, stack(0x0000007194d00000,0x0000007194e00000)]
  0x000002414cd60000 JavaThread "Execution worker for ':' Thread 2" [_thread_blocked, id=10520, stack(0x0000007194e00000,0x0000007194f00000)]
  0x000002414cd5c000 JavaThread "Execution worker for ':' Thread 3" [_thread_blocked, id=5996, stack(0x0000007194f00000,0x0000007195000000)]
  0x000002414cd5b000 JavaThread "Cache worker for execution history cache (C:\Users\mahdi\AndroidStudioProjects\InternetConnection\.gradle\7.0.2\executionHistory)" [_thread_blocked, id=1220, stack(0x0000007195000000,0x0000007195100000)]
  0x000002414cd5f000 JavaThread "WorkerExecutor Queue" [_thread_blocked, id=9988, stack(0x0000007194b00000,0x0000007194c00000)]
  0x000002414cd5c800 JavaThread "WorkerExecutor Queue Thread 2" [_thread_blocked, id=12648, stack(0x0000007195100000,0x0000007195200000)]
  0x0000024150870000 JavaThread "C2 CompilerThread1" daemon [_thread_in_native, id=7276, stack(0x0000007195200000,0x0000007195300000)]

Other Threads:
  0x0000024148598000 VMThread "VM Thread" [stack: 0x0000007191d00000,0x0000007191e00000] [id=4004]
  0x0000024149082800 WatcherThread [stack: 0x0000007192700000,0x0000007192800000] [id=304]
  0x000002412ca83800 GCTaskThread "GC Thread#0" [stack: 0x0000007191800000,0x0000007191900000] [id=10112]
  0x00000241497a2000 GCTaskThread "GC Thread#1" [stack: 0x0000007192900000,0x0000007192a00000] [id=1708]
  0x00000241497d5800 GCTaskThread "GC Thread#2" [stack: 0x0000007192a00000,0x0000007192b00000] [id=13004]
  0x000002414ace0800 GCTaskThread "GC Thread#3" [stack: 0x0000007193400000,0x0000007193500000] [id=12284]
  0x000002412cab7000 ConcurrentGCThread "G1 Main Marker" [stack: 0x0000007191900000,0x0000007191a00000] [id=5860]
  0x000002412cab8000 ConcurrentGCThread "G1 Conc#0" [stack: 0x0000007191a00000,0x0000007191b00000] [id=10336]
  0x000002412cb45800 ConcurrentGCThread "G1 Refine#0" [stack: 0x0000007191b00000,0x0000007191c00000] [id=9524]
  0x000002412cb46800 ConcurrentGCThread "G1 Young RemSet Sampling" [stack: 0x0000007191c00000,0x0000007191d00000] [id=14192]

Threads with active compile tasks:
C2 CompilerThread0  36872 9329       4       com.android.ide.common.resources.ValueResourceParser2::getResource (73 bytes)
C1 CompilerThread0  36872 9545       3       org.apache.xerces.dom.ParentNode::nodeListItem (243 bytes)
C2 CompilerThread1  36872 9379       4       org.apache.xerces.impl.XMLNSDocumentScannerImpl::scanEndElement (190 bytes)

VM state:not at safepoint (normal execution)

VM Mutex/Monitor currently owned by a thread:  ([mutex/lock_event])
[0x000002412ca67860] CodeCache_lock - owner thread: 0x00000241485c8800
[0x000002412ca68360] Compile_lock - owner thread: 0x00000241485c8800
[0x000002412ca68d80] MethodCompileQueue_lock - owner thread: 0x00000241485c8800

Heap address: 0x0000000080000000, size: 2048 MB, Compressed Oops mode: 32-bit
Narrow klass base: 0x0000000000000000, Narrow klass shift: 3
Compressed class space size: 1073741824 Address: 0x0000000100000000

Heap:
 garbage-first heap   total 189440K, used 121065K [0x0000000080000000, 0x0000000100000000)
  region size 1024K, 55 young (56320K), 11 survivors (11264K)
 Metaspace       used 81472K, capacity 83540K, committed 83788K, reserved 1122304K
  class space    used 10550K, capacity 11307K, committed 11340K, reserved 1048576K
Heap Regions: E=young(eden), S=young(survivor), O=old, HS=humongous(starts), HC=humongous(continues), CS=collection set, F=free, A=archive, TAMS=top-at-mark-start (previous, next)
|   0|0x0000000080000000, 0x0000000080100000, 0x0000000080100000|100%| O|  |TAMS 0x0000000080100000, 0x0000000080000000| Untracked 
|   1|0x0000000080100000, 0x0000000080200000, 0x0000000080200000|100%| O|  |TAMS 0x0000000080200000, 0x0000000080100000| Untracked 
|   2|0x0000000080200000, 0x0000000080300000, 0x0000000080300000|100%| O|  |TAMS 0x0000000080300000, 0x0000000080200000| Untracked 
|   3|0x0000000080300000, 0x0000000080400000, 0x0000000080400000|100%|HS|  |TAMS 0x0000000080400000, 0x0000000080300000| Complete 
|   4|0x0000000080400000, 0x0000000080500000, 0x0000000080500000|100%|HC|  |TAMS 0x0000000080500000, 0x0000000080400000| Complete 
|   5|0x0000000080500000, 0x0000000080600000, 0x0000000080600000|100%|HC|  |TAMS 0x0000000080600000, 0x0000000080500000| Complete 
|   6|0x0000000080600000, 0x0000000080700000, 0x0000000080700000|100%| O|  |TAMS 0x0000000080700000, 0x0000000080600000| Untracked 
|   7|0x0000000080700000, 0x0000000080800000, 0x0000000080800000|100%| O|  |TAMS 0x0000000080800000, 0x0000000080700000| Untracked 
|   8|0x0000000080800000, 0x0000000080900000, 0x0000000080900000|100%| O|  |TAMS 0x0000000080900000, 0x0000000080800000| Untracked 
|   9|0x0000000080900000, 0x0000000080a00000, 0x0000000080a00000|100%| O|  |TAMS 0x0000000080a00000, 0x0000000080900000| Untracked 
|  10|0x0000000080a00000, 0x0000000080b00000, 0x0000000080b00000|100%| O|  |TAMS 0x0000000080b00000, 0x0000000080a00000| Untracked 
|  11|0x0000000080b00000, 0x0000000080c00000, 0x0000000080c00000|100%| O|  |TAMS 0x0000000080c00000, 0x0000000080b00000| Untracked 
|  12|0x0000000080c00000, 0x0000000080d00000, 0x0000000080d00000|100%| O|  |TAMS 0x0000000080d00000, 0x0000000080c00000| Untracked 
|  13|0x0000000080d00000, 0x0000000080e00000, 0x0000000080e00000|100%| O|  |TAMS 0x0000000080e00000, 0x0000000080d00000| Untracked 
|  14|0x0000000080e00000, 0x0000000080f00000, 0x0000000080f00000|100%| O|  |TAMS 0x0000000080f00000, 0x0000000080e00000| Untracked 
|  15|0x0000000080f00000, 0x0000000081000000, 0x0000000081000000|100%| O|  |TAMS 0x0000000081000000, 0x0000000080f00000| Untracked 
|  16|0x0000000081000000, 0x0000000081100000, 0x0000000081100000|100%|HS|  |TAMS 0x0000000081100000, 0x0000000081000000| Complete 
|  17|0x0000000081100000, 0x0000000081200000, 0x0000000081200000|100%| O|  |TAMS 0x0000000081200000, 0x0000000081100000| Untracked 
|  18|0x0000000081200000, 0x0000000081300000, 0x0000000081300000|100%| O|  |TAMS 0x0000000081300000, 0x0000000081200000| Untracked 
|  19|0x0000000081300000, 0x0000000081400000, 0x0000000081400000|100%| O|  |TAMS 0x0000000081400000, 0x0000000081300000| Untracked 
|  20|0x0000000081400000, 0x0000000081500000, 0x0000000081500000|100%| O|  |TAMS 0x0000000081500000, 0x0000000081400000| Untracked 
|  21|0x0000000081500000, 0x0000000081600000, 0x0000000081600000|100%| O|  |TAMS 0x0000000081600000, 0x0000000081500000| Untracked 
|  22|0x0000000081600000, 0x0000000081700000, 0x0000000081700000|100%| O|  |TAMS 0x0000000081700000, 0x0000000081600000| Untracked 
|  23|0x0000000081700000, 0x0000000081800000, 0x0000000081800000|100%|HS|  |TAMS 0x0000000081800000, 0x0000000081700000| Complete 
|  24|0x0000000081800000, 0x0000000081900000, 0x0000000081900000|100%|HS|  |TAMS 0x0000000081900000, 0x0000000081800000| Complete 
|  25|0x0000000081900000, 0x0000000081a00000, 0x0000000081a00000|100%|HC|  |TAMS 0x0000000081a00000, 0x0000000081900000| Complete 
|  26|0x0000000081a00000, 0x0000000081b00000, 0x0000000081b00000|100%| O|  |TAMS 0x0000000081b00000, 0x0000000081a00000| Untracked 
|  27|0x0000000081b00000, 0x0000000081c00000, 0x0000000081c00000|100%| O|  |TAMS 0x0000000081c00000, 0x0000000081b00000| Untracked 
|  28|0x0000000081c00000, 0x0000000081d00000, 0x0000000081d00000|100%| O|  |TAMS 0x0000000081d00000, 0x0000000081c00000| Untracked 
|  29|0x0000000081d00000, 0x0000000081e00000, 0x0000000081e00000|100%| O|  |TAMS 0x0000000081e00000, 0x0000000081d00000| Untracked 
|  30|0x0000000081e00000, 0x0000000081f00000, 0x0000000081f00000|100%| O|  |TAMS 0x0000000081f00000, 0x0000000081e00000| Untracked 
|  31|0x0000000081f00000, 0x0000000082000000, 0x0000000082000000|100%| O|  |TAMS 0x0000000082000000, 0x0000000081f00000| Untracked 
|  32|0x0000000082000000, 0x0000000082100000, 0x0000000082100000|100%| O|  |TAMS 0x0000000082100000, 0x0000000082000000| Untracked 
|  33|0x0000000082100000, 0x0000000082200000, 0x0000000082200000|100%| O|  |TAMS 0x0000000082200000, 0x0000000082100000| Untracked 
|  34|0x0000000082200000, 0x0000000082300000, 0x0000000082300000|100%| O|  |TAMS 0x0000000082300000, 0x0000000082200000| Untracked 
|  35|0x0000000082300000, 0x0000000082400000, 0x0000000082400000|100%| O|  |TAMS 0x0000000082400000, 0x0000000082300000| Untracked 
|  36|0x0000000082400000, 0x0000000082500000, 0x0000000082500000|100%| O|  |TAMS 0x0000000082500000, 0x0000000082400000| Untracked 
|  37|0x0000000082500000, 0x0000000082600000, 0x0000000082600000|100%| O|  |TAMS 0x0000000082600000, 0x0000000082500000| Untracked 
|  38|0x0000000082600000, 0x0000000082700000, 0x0000000082700000|100%| O|  |TAMS 0x0000000082700000, 0x0000000082600000| Untracked 
|  39|0x0000000082700000, 0x0000000082800000, 0x0000000082800000|100%| O|  |TAMS 0x0000000082800000, 0x0000000082700000| Untracked 
|  40|0x0000000082800000, 0x0000000082900000, 0x0000000082900000|100%| O|  |TAMS 0x0000000082900000, 0x0000000082800000| Untracked 
|  41|0x0000000082900000, 0x0000000082a00000, 0x0000000082a00000|100%| O|  |TAMS 0x0000000082a00000, 0x0000000082900000| Untracked 
|  42|0x0000000082a00000, 0x0000000082b00000, 0x0000000082b00000|100%| O|  |TAMS 0x0000000082a34600, 0x0000000082a00000| Untracked 
|  43|0x0000000082b00000, 0x0000000082c00000, 0x0000000082c00000|100%| O|  |TAMS 0x0000000082b00000, 0x0000000082b00000| Untracked 
|  44|0x0000000082c00000, 0x0000000082d00000, 0x0000000082d00000|100%| O|  |TAMS 0x0000000082c00000, 0x0000000082c00000| Untracked 
|  45|0x0000000082d00000, 0x0000000082e00000, 0x0000000082e00000|100%| O|  |TAMS 0x0000000082d00000, 0x0000000082d00000| Untracked 
|  46|0x0000000082e00000, 0x0000000082f00000, 0x0000000082f00000|100%| O|  |TAMS 0x0000000082e00000, 0x0000000082e00000| Untracked 
|  47|0x0000000082f00000, 0x0000000083000000, 0x0000000083000000|100%| O|  |TAMS 0x0000000082f00000, 0x0000000082f00000| Untracked 
|  48|0x0000000083000000, 0x0000000083100000, 0x0000000083100000|100%| O|  |TAMS 0x0000000083000000, 0x0000000083000000| Untracked 
|  49|0x0000000083100000, 0x0000000083200000, 0x0000000083200000|100%| O|  |TAMS 0x0000000083100000, 0x0000000083100000| Untracked 
|  50|0x0000000083200000, 0x0000000083300000, 0x0000000083300000|100%| O|  |TAMS 0x0000000083200000, 0x0000000083200000| Untracked 
|  51|0x0000000083300000, 0x0000000083400000, 0x0000000083400000|100%| O|  |TAMS 0x0000000083300000, 0x0000000083300000| Untracked 
|  52|0x0000000083400000, 0x0000000083500000, 0x0000000083500000|100%| O|  |TAMS 0x0000000083400000, 0x0000000083400000| Untracked 
|  53|0x0000000083500000, 0x0000000083600000, 0x0000000083600000|100%| O|  |TAMS 0x0000000083500000, 0x0000000083500000| Untracked 
|  54|0x0000000083600000, 0x0000000083700000, 0x0000000083700000|100%| O|  |TAMS 0x0000000083600000, 0x0000000083600000| Untracked 
|  55|0x0000000083700000, 0x000000008373a600, 0x0000000083800000| 22%| O|  |TAMS 0x0000000083700000, 0x0000000083700000| Untracked 
|  56|0x0000000083800000, 0x0000000083900000, 0x0000000083900000|100%|HS|  |TAMS 0x0000000083800000, 0x0000000083800000| Complete 
|  57|0x0000000083900000, 0x0000000083a00000, 0x0000000083a00000|100%|HS|  |TAMS 0x0000000083900000, 0x0000000083900000| Complete 
|  58|0x0000000083a00000, 0x0000000083b00000, 0x0000000083b00000|100%|HS|  |TAMS 0x0000000083a00000, 0x0000000083a00000| Complete 
|  59|0x0000000083b00000, 0x0000000083c00000, 0x0000000083c00000|100%|HS|  |TAMS 0x0000000083b00000, 0x0000000083b00000| Complete 
|  60|0x0000000083c00000, 0x0000000083d00000, 0x0000000083d00000|100%|HS|  |TAMS 0x0000000083c00000, 0x0000000083c00000| Complete 
|  61|0x0000000083d00000, 0x0000000083e00000, 0x0000000083e00000|100%|HC|  |TAMS 0x0000000083d00000, 0x0000000083d00000| Complete 
|  62|0x0000000083e00000, 0x0000000083f00000, 0x0000000083f00000|100%|HS|  |TAMS 0x0000000083e00000, 0x0000000083e00000| Complete 
|  63|0x0000000083f00000, 0x0000000084000000, 0x0000000084000000|100%|HS|  |TAMS 0x0000000083f00000, 0x0000000083f00000| Complete 
|  64|0x0000000084000000, 0x0000000084100000, 0x0000000084100000|100%|HC|  |TAMS 0x0000000084000000, 0x0000000084000000| Complete 
|  65|0x0000000084100000, 0x0000000084100000, 0x0000000084200000|  0%| F|  |TAMS 0x0000000084100000, 0x0000000084100000| Untracked 
|  66|0x0000000084200000, 0x0000000084200000, 0x0000000084300000|  0%| F|  |TAMS 0x0000000084200000, 0x0000000084200000| Untracked 
|  67|0x0000000084300000, 0x0000000084300000, 0x0000000084400000|  0%| F|  |TAMS 0x0000000084300000, 0x0000000084300000| Untracked 
|  68|0x0000000084400000, 0x0000000084400000, 0x0000000084500000|  0%| F|  |TAMS 0x0000000084400000, 0x0000000084400000| Untracked 
|  69|0x0000000084500000, 0x0000000084500000, 0x0000000084600000|  0%| F|  |TAMS 0x0000000084500000, 0x0000000084500000| Untracked 
|  70|0x0000000084600000, 0x0000000084600000, 0x0000000084700000|  0%| F|  |TAMS 0x0000000084600000, 0x0000000084600000| Untracked 
|  71|0x0000000084700000, 0x0000000084700000, 0x0000000084800000|  0%| F|  |TAMS 0x0000000084700000, 0x0000000084700000| Untracked 
|  72|0x0000000084800000, 0x0000000084800000, 0x0000000084900000|  0%| F|  |TAMS 0x0000000084800000, 0x0000000084800000| Untracked 
|  73|0x0000000084900000, 0x0000000084900000, 0x0000000084a00000|  0%| F|  |TAMS 0x0000000084900000, 0x0000000084900000| Untracked 
|  74|0x0000000084a00000, 0x0000000084a00000, 0x0000000084b00000|  0%| F|  |TAMS 0x0000000084a00000, 0x0000000084a00000| Untracked 
|  75|0x0000000084b00000, 0x0000000084b00000, 0x0000000084c00000|  0%| F|  |TAMS 0x0000000084b00000, 0x0000000084b00000| Untracked 
|  76|0x0000000084c00000, 0x0000000084c00000, 0x0000000084d00000|  0%| F|  |TAMS 0x0000000084c00000, 0x0000000084c00000| Untracked 
|  77|0x0000000084d00000, 0x0000000084d00000, 0x0000000084e00000|  0%| F|  |TAMS 0x0000000084d00000, 0x0000000084d00000| Untracked 
|  78|0x0000000084e00000, 0x0000000084e00000, 0x0000000084f00000|  0%| F|  |TAMS 0x0000000084e00000, 0x0000000084e00000| Untracked 
|  79|0x0000000084f00000, 0x0000000084f00000, 0x0000000085000000|  0%| F|  |TAMS 0x0000000084f00000, 0x0000000084f00000| Untracked 
|  80|0x0000000085000000, 0x0000000085000000, 0x0000000085100000|  0%| F|  |TAMS 0x0000000085000000, 0x0000000085000000| Untracked 
|  81|0x0000000085100000, 0x0000000085100000, 0x0000000085200000|  0%| F|  |TAMS 0x0000000085100000, 0x0000000085100000| Untracked 
|  82|0x0000000085200000, 0x0000000085200000, 0x0000000085300000|  0%| F|  |TAMS 0x0000000085200000, 0x0000000085200000| Untracked 
|  83|0x0000000085300000, 0x0000000085300000, 0x0000000085400000|  0%| F|  |TAMS 0x0000000085300000, 0x0000000085300000| Untracked 
|  84|0x0000000085400000, 0x0000000085400000, 0x0000000085500000|  0%| F|  |TAMS 0x0000000085400000, 0x0000000085400000| Untracked 
|  85|0x0000000085500000, 0x0000000085500000, 0x0000000085600000|  0%| F|  |TAMS 0x0000000085500000, 0x0000000085500000| Untracked 
|  86|0x0000000085600000, 0x0000000085600000, 0x0000000085700000|  0%| F|  |TAMS 0x0000000085600000, 0x0000000085600000| Untracked 
|  87|0x0000000085700000, 0x0000000085700000, 0x0000000085800000|  0%| F|  |TAMS 0x0000000085700000, 0x0000000085700000| Untracked 
|  88|0x0000000085800000, 0x0000000085800000, 0x0000000085900000|  0%| F|  |TAMS 0x0000000085800000, 0x0000000085800000| Untracked 
|  89|0x0000000085900000, 0x0000000085900000, 0x0000000085a00000|  0%| F|  |TAMS 0x0000000085900000, 0x0000000085900000| Untracked 
|  90|0x0000000085a00000, 0x0000000085a00000, 0x0000000085b00000|  0%| F|  |TAMS 0x0000000085a00000, 0x0000000085a00000| Untracked 
|  91|0x0000000085b00000, 0x0000000085b00000, 0x0000000085c00000|  0%| F|  |TAMS 0x0000000085b00000, 0x0000000085b00000| Untracked 
|  92|0x0000000085c00000, 0x0000000085d00000, 0x0000000085d00000|100%| S|CS|TAMS 0x0000000085c00000, 0x0000000085c00000| Complete 
|  93|0x0000000085d00000, 0x0000000085e00000, 0x0000000085e00000|100%| S|CS|TAMS 0x0000000085d00000, 0x0000000085d00000| Complete 
|  94|0x0000000085e00000, 0x0000000085f00000, 0x0000000085f00000|100%| S|CS|TAMS 0x0000000085e00000, 0x0000000085e00000| Complete 
|  95|0x0000000085f00000, 0x0000000086000000, 0x0000000086000000|100%| S|CS|TAMS 0x0000000085f00000, 0x0000000085f00000| Complete 
|  96|0x0000000086000000, 0x0000000086100000, 0x0000000086100000|100%| S|CS|TAMS 0x0000000086000000, 0x0000000086000000| Complete 
|  97|0x0000000086100000, 0x0000000086200000, 0x0000000086200000|100%| S|CS|TAMS 0x0000000086100000, 0x0000000086100000| Complete 
|  98|0x0000000086200000, 0x0000000086300000, 0x0000000086300000|100%| S|CS|TAMS 0x0000000086200000, 0x0000000086200000| Complete 
|  99|0x0000000086300000, 0x0000000086300000, 0x0000000086400000|  0%| F|  |TAMS 0x0000000086300000, 0x0000000086300000| Untracked 
| 100|0x0000000086400000, 0x0000000086400000, 0x0000000086500000|  0%| F|  |TAMS 0x0000000086400000, 0x0000000086400000| Untracked 
| 101|0x0000000086500000, 0x0000000086500000, 0x0000000086600000|  0%| F|  |TAMS 0x0000000086500000, 0x0000000086500000| Untracked 
| 102|0x0000000086600000, 0x0000000086700000, 0x0000000086700000|100%| S|CS|TAMS 0x0000000086600000, 0x0000000086600000| Complete 
| 103|0x0000000086700000, 0x0000000086800000, 0x0000000086800000|100%| S|CS|TAMS 0x0000000086700000, 0x0000000086700000| Complete 
| 104|0x0000000086800000, 0x0000000086900000, 0x0000000086900000|100%| S|CS|TAMS 0x0000000086800000, 0x0000000086800000| Complete 
| 105|0x0000000086900000, 0x0000000086900000, 0x0000000086a00000|  0%| F|  |TAMS 0x0000000086900000, 0x0000000086900000| Untracked 
| 106|0x0000000086a00000, 0x0000000086a00000, 0x0000000086b00000|  0%| F|  |TAMS 0x0000000086a00000, 0x0000000086a00000| Untracked 
| 107|0x0000000086b00000, 0x0000000086b00000, 0x0000000086c00000|  0%| F|  |TAMS 0x0000000086b00000, 0x0000000086b00000| Untracked 
| 108|0x0000000086c00000, 0x0000000086c00000, 0x0000000086d00000|  0%| F|  |TAMS 0x0000000086c00000, 0x0000000086c00000| Untracked 
| 109|0x0000000086d00000, 0x0000000086d00000, 0x0000000086e00000|  0%| F|  |TAMS 0x0000000086d00000, 0x0000000086d00000| Untracked 
| 110|0x0000000086e00000, 0x0000000086e00000, 0x0000000086f00000|  0%| F|  |TAMS 0x0000000086e00000, 0x0000000086e00000| Untracked 
| 111|0x0000000086f00000, 0x0000000087000000, 0x0000000087000000|100%| S|CS|TAMS 0x0000000086f00000, 0x0000000086f00000| Complete 
| 112|0x0000000087000000, 0x0000000087000000, 0x0000000087100000|  0%| F|  |TAMS 0x0000000087000000, 0x0000000087000000| Untracked 
| 113|0x0000000087100000, 0x0000000087100000, 0x0000000087200000|  0%| F|  |TAMS 0x0000000087100000, 0x0000000087100000| Untracked 
| 114|0x0000000087200000, 0x0000000087200000, 0x0000000087300000|  0%| F|  |TAMS 0x0000000087200000, 0x0000000087200000| Untracked 
| 115|0x0000000087300000, 0x0000000087300000, 0x0000000087400000|  0%| F|  |TAMS 0x0000000087300000, 0x0000000087300000| Untracked 
| 116|0x0000000087400000, 0x0000000087400000, 0x0000000087500000|  0%| F|  |TAMS 0x0000000087400000, 0x0000000087400000| Untracked 
| 117|0x0000000087500000, 0x0000000087500000, 0x0000000087600000|  0%| F|  |TAMS 0x0000000087500000, 0x0000000087500000| Untracked 
| 118|0x0000000087600000, 0x0000000087600000, 0x0000000087700000|  0%| F|  |TAMS 0x0000000087600000, 0x0000000087600000| Untracked 
| 119|0x0000000087700000, 0x0000000087700000, 0x0000000087800000|  0%| F|  |TAMS 0x0000000087700000, 0x0000000087700000| Untracked 
| 120|0x0000000087800000, 0x0000000087800000, 0x0000000087900000|  0%| F|  |TAMS 0x0000000087800000, 0x0000000087800000| Untracked 
| 121|0x0000000087900000, 0x0000000087900000, 0x0000000087a00000|  0%| F|  |TAMS 0x0000000087900000, 0x0000000087900000| Untracked 
| 122|0x0000000087a00000, 0x0000000087a00000, 0x0000000087b00000|  0%| F|  |TAMS 0x0000000087a00000, 0x0000000087a00000| Untracked 
| 123|0x0000000087b00000, 0x0000000087b00000, 0x0000000087c00000|  0%| F|  |TAMS 0x0000000087b00000, 0x0000000087b00000| Untracked 
| 124|0x0000000087c00000, 0x0000000087c00000, 0x0000000087d00000|  0%| F|  |TAMS 0x0000000087c00000, 0x0000000087c00000| Untracked 
| 125|0x0000000087d00000, 0x0000000087d00000, 0x0000000087e00000|  0%| F|  |TAMS 0x0000000087d00000, 0x0000000087d00000| Untracked 
| 126|0x0000000087e00000, 0x0000000087e00000, 0x0000000087f00000|  0%| F|  |TAMS 0x0000000087e00000, 0x0000000087e00000| Untracked 
| 127|0x0000000087f00000, 0x0000000087f00000, 0x0000000088000000|  0%| F|  |TAMS 0x0000000087f00000, 0x0000000087f00000| Untracked 
| 128|0x0000000088000000, 0x0000000088000000, 0x0000000088100000|  0%| F|  |TAMS 0x0000000088000000, 0x0000000088000000| Untracked 
| 129|0x0000000088100000, 0x0000000088100000, 0x0000000088200000|  0%| F|  |TAMS 0x0000000088100000, 0x0000000088100000| Untracked 
| 130|0x0000000088200000, 0x0000000088200000, 0x0000000088300000|  0%| F|  |TAMS 0x0000000088200000, 0x0000000088200000| Untracked 
| 131|0x0000000088300000, 0x0000000088300000, 0x0000000088400000|  0%| F|  |TAMS 0x0000000088300000, 0x0000000088300000| Untracked 
| 132|0x0000000088400000, 0x0000000088400000, 0x0000000088500000|  0%| F|  |TAMS 0x0000000088400000, 0x0000000088400000| Untracked 
| 133|0x0000000088500000, 0x0000000088500000, 0x0000000088600000|  0%| F|  |TAMS 0x0000000088500000, 0x0000000088500000| Untracked 
| 134|0x0000000088600000, 0x0000000088600000, 0x0000000088700000|  0%| F|  |TAMS 0x0000000088600000, 0x0000000088600000| Untracked 
| 135|0x0000000088700000, 0x0000000088700000, 0x0000000088800000|  0%| F|  |TAMS 0x0000000088700000, 0x0000000088700000| Untracked 
| 136|0x0000000088800000, 0x0000000088800000, 0x0000000088900000|  0%| F|  |TAMS 0x0000000088800000, 0x0000000088800000| Untracked 
| 137|0x0000000088900000, 0x0000000088900000, 0x0000000088a00000|  0%| F|  |TAMS 0x0000000088900000, 0x0000000088900000| Untracked 
| 138|0x0000000088a00000, 0x0000000088a00000, 0x0000000088b00000|  0%| F|  |TAMS 0x0000000088a00000, 0x0000000088a00000| Untracked 
| 139|0x0000000088b00000, 0x0000000088b00000, 0x0000000088c00000|  0%| F|  |TAMS 0x0000000088b00000, 0x0000000088b00000| Untracked 
| 140|0x0000000088c00000, 0x0000000088c00000, 0x0000000088d00000|  0%| F|  |TAMS 0x0000000088c00000, 0x0000000088c00000| Untracked 
| 141|0x0000000088d00000, 0x0000000088dc9120, 0x0000000088e00000| 78%| E|  |TAMS 0x0000000088d00000, 0x0000000088d00000| Complete 
| 142|0x0000000088e00000, 0x0000000088f00000, 0x0000000088f00000|100%| E|CS|TAMS 0x0000000088e00000, 0x0000000088e00000| Complete 
| 143|0x0000000088f00000, 0x0000000089000000, 0x0000000089000000|100%| E|CS|TAMS 0x0000000088f00000, 0x0000000088f00000| Complete 
| 144|0x0000000089000000, 0x0000000089100000, 0x0000000089100000|100%| E|CS|TAMS 0x0000000089000000, 0x0000000089000000| Complete 
| 145|0x0000000089100000, 0x0000000089200000, 0x0000000089200000|100%| E|CS|TAMS 0x0000000089100000, 0x0000000089100000| Complete 
| 146|0x0000000089200000, 0x0000000089300000, 0x0000000089300000|100%| E|CS|TAMS 0x0000000089200000, 0x0000000089200000| Complete 
| 147|0x0000000089300000, 0x0000000089400000, 0x0000000089400000|100%| E|CS|TAMS 0x0000000089300000, 0x0000000089300000| Complete 
| 148|0x0000000089400000, 0x0000000089500000, 0x0000000089500000|100%| E|CS|TAMS 0x0000000089400000, 0x0000000089400000| Complete 
| 149|0x0000000089500000, 0x0000000089600000, 0x0000000089600000|100%| E|CS|TAMS 0x0000000089500000, 0x0000000089500000| Complete 
| 150|0x0000000089600000, 0x0000000089700000, 0x0000000089700000|100%| E|CS|TAMS 0x0000000089600000, 0x0000000089600000| Complete 
| 151|0x0000000089700000, 0x0000000089800000, 0x0000000089800000|100%| E|CS|TAMS 0x0000000089700000, 0x0000000089700000| Complete 
| 152|0x0000000089800000, 0x0000000089900000, 0x0000000089900000|100%| E|CS|TAMS 0x0000000089800000, 0x0000000089800000| Complete 
| 153|0x0000000089900000, 0x0000000089a00000, 0x0000000089a00000|100%| E|CS|TAMS 0x0000000089900000, 0x0000000089900000| Complete 
| 154|0x0000000089a00000, 0x0000000089b00000, 0x0000000089b00000|100%| E|CS|TAMS 0x0000000089a00000, 0x0000000089a00000| Complete 
| 155|0x0000000089b00000, 0x0000000089c00000, 0x0000000089c00000|100%| E|CS|TAMS 0x0000000089b00000, 0x0000000089b00000| Complete 
| 156|0x0000000089c00000, 0x0000000089d00000, 0x0000000089d00000|100%| E|CS|TAMS 0x0000000089c00000, 0x0000000089c00000| Complete 
| 157|0x0000000089d00000, 0x0000000089e00000, 0x0000000089e00000|100%| E|CS|TAMS 0x0000000089d00000, 0x0000000089d00000| Complete 
| 158|0x0000000089e00000, 0x0000000089f00000, 0x0000000089f00000|100%| E|CS|TAMS 0x0000000089e00000, 0x0000000089e00000| Complete 
| 159|0x0000000089f00000, 0x000000008a000000, 0x000000008a000000|100%| E|CS|TAMS 0x0000000089f00000, 0x0000000089f00000| Complete 
| 160|0x000000008a000000, 0x000000008a100000, 0x000000008a100000|100%| E|CS|TAMS 0x000000008a000000, 0x000000008a000000| Complete 
| 161|0x000000008a100000, 0x000000008a200000, 0x000000008a200000|100%| E|CS|TAMS 0x000000008a100000, 0x000000008a100000| Complete 
| 162|0x000000008a200000, 0x000000008a300000, 0x000000008a300000|100%| E|CS|TAMS 0x000000008a200000, 0x000000008a200000| Complete 
| 163|0x000000008a300000, 0x000000008a400000, 0x000000008a400000|100%| E|CS|TAMS 0x000000008a300000, 0x000000008a300000| Complete 
| 164|0x000000008a400000, 0x000000008a500000, 0x000000008a500000|100%| E|CS|TAMS 0x000000008a400000, 0x000000008a400000| Complete 
| 165|0x000000008a500000, 0x000000008a600000, 0x000000008a600000|100%| E|CS|TAMS 0x000000008a500000, 0x000000008a500000| Complete 
| 166|0x000000008a600000, 0x000000008a700000, 0x000000008a700000|100%| E|CS|TAMS 0x000000008a600000, 0x000000008a600000| Complete 
| 167|0x000000008a700000, 0x000000008a800000, 0x000000008a800000|100%| E|CS|TAMS 0x000000008a700000, 0x000000008a700000| Complete 
| 168|0x000000008a800000, 0x000000008a900000, 0x000000008a900000|100%| E|CS|TAMS 0x000000008a800000, 0x000000008a800000| Complete 
| 169|0x000000008a900000, 0x000000008aa00000, 0x000000008aa00000|100%| E|CS|TAMS 0x000000008a900000, 0x000000008a900000| Complete 
| 170|0x000000008aa00000, 0x000000008ab00000, 0x000000008ab00000|100%| E|CS|TAMS 0x000000008aa00000, 0x000000008aa00000| Complete 
| 171|0x000000008ab00000, 0x000000008ac00000, 0x000000008ac00000|100%| E|CS|TAMS 0x000000008ab00000, 0x000000008ab00000| Complete 
| 172|0x000000008ac00000, 0x000000008ad00000, 0x000000008ad00000|100%| E|CS|TAMS 0x000000008ac00000, 0x000000008ac00000| Complete 
| 173|0x000000008ad00000, 0x000000008ae00000, 0x000000008ae00000|100%| E|CS|TAMS 0x000000008ad00000, 0x000000008ad00000| Complete 
| 174|0x000000008ae00000, 0x000000008af00000, 0x000000008af00000|100%| E|CS|TAMS 0x000000008ae00000, 0x000000008ae00000| Complete 
| 175|0x000000008af00000, 0x000000008b000000, 0x000000008b000000|100%| E|CS|TAMS 0x000000008af00000, 0x000000008af00000| Complete 
| 176|0x000000008b000000, 0x000000008b100000, 0x000000008b100000|100%| E|CS|TAMS 0x000000008b000000, 0x000000008b000000| Complete 
| 177|0x000000008b100000, 0x000000008b200000, 0x000000008b200000|100%| E|CS|TAMS 0x000000008b100000, 0x000000008b100000| Complete 
| 178|0x000000008b200000, 0x000000008b300000, 0x000000008b300000|100%| E|CS|TAMS 0x000000008b200000, 0x000000008b200000| Complete 
| 179|0x000000008b300000, 0x000000008b400000, 0x000000008b400000|100%| E|CS|TAMS 0x000000008b300000, 0x000000008b300000| Complete 
| 180|0x000000008b400000, 0x000000008b500000, 0x000000008b500000|100%| E|CS|TAMS 0x000000008b400000, 0x000000008b400000| Complete 
| 181|0x000000008b500000, 0x000000008b600000, 0x000000008b600000|100%| E|CS|TAMS 0x000000008b500000, 0x000000008b500000| Complete 
| 182|0x000000008b600000, 0x000000008b700000, 0x000000008b700000|100%| E|CS|TAMS 0x000000008b600000, 0x000000008b600000| Complete 
| 183|0x000000008b700000, 0x000000008b800000, 0x000000008b800000|100%| E|CS|TAMS 0x000000008b700000, 0x000000008b700000| Complete 
| 184|0x000000008b800000, 0x000000008b900000, 0x000000008b900000|100%| E|CS|TAMS 0x000000008b800000, 0x000000008b800000| Complete 

Card table byte_map: [0x0000024141760000,0x0000024141b60000] _byte_map_base: 0x0000024141360000

Marking Bits (Prev, Next): (CMBitMap*) 0x000002412caae020, (CMBitMap*) 0x000002412caadfe8
 Prev Bits: [0x0000024143f60000, 0x0000024145f60000)
 Next Bits: [0x0000024141f60000, 0x0000024143f60000)

Polling page: 0x000002412cb50000

Metaspace:

Usage:
  Non-class:     70.54 MB capacity,    69.26 MB ( 98%) used,     1.06 MB (  2%) free+waste,   226.81 KB ( <1%) overhead. 
      Class:     11.04 MB capacity,    10.30 MB ( 93%) used,   652.45 KB (  6%) free+waste,   104.38 KB ( <1%) overhead. 
       Both:     81.58 MB capacity,    79.56 MB ( 98%) used,     1.70 MB (  2%) free+waste,   331.19 KB ( <1%) overhead. 

Virtual space:
  Non-class space:       72.00 MB reserved,      70.75 MB ( 98%) committed 
      Class space:        1.00 GB reserved,      11.07 MB (  1%) committed 
             Both:        1.07 GB reserved,      81.82 MB (  7%) committed 

Chunk freelists:
   Non-Class:  23.00 KB
       Class:  21.00 KB
        Both:  44.00 KB

MaxMetaspaceSize: 17179869184.00 GB
CompressedClassSpaceSize: 1.00 GB

CodeHeap 'non-profiled nmethods': size=120064Kb used=5656Kb max_used=5656Kb free=114407Kb
 bounds [0x00000241397f0000, 0x0000024139d80000, 0x0000024140d30000]
CodeHeap 'profiled nmethods': size=120000Kb used=20539Kb max_used=20539Kb free=99460Kb
 bounds [0x00000241322c0000, 0x00000241336d0000, 0x00000241397f0000]
CodeHeap 'non-nmethods': size=5696Kb used=2276Kb max_used=2346Kb free=3419Kb
 bounds [0x0000024131d30000, 0x0000024131fa0000, 0x00000241322c0000]
 total_blobs=10368 nmethods=9493 adapters=786
 compilation: enabled
              stopped_count=0, restarted_count=0
 full_count=0

Compilation events (20 events):
Event: 28.432 Thread 0x00000241485c8800 9341       3       java.io.BufferedInputStream::<init> (9 bytes)
Event: 28.433 Thread 0x00000241485c8800 nmethod 9341 0x000002413364e890 code [0x000002413364ea80, 0x000002413364ef88]
Event: 28.436 Thread 0x00000241485c8800 9342       3       org.apache.xerces.impl.XMLDocumentFragmentScannerImpl::scanXMLDeclOrTextDecl (151 bytes)
Event: 28.438 Thread 0x00000241485c8800 nmethod 9342 0x000002413364f110 code [0x000002413364f340, 0x000002413364fa48]
Event: 28.767 Thread 0x00000241485c8800 9343   !   3       com.android.ide.common.resources.ValueResourceParser2::parseDocument (42 bytes)
Event: 28.768 Thread 0x00000241485c8800 nmethod 9343 0x000002413364fd90 code [0x0000024133650020, 0x0000024133650728]
Event: 28.769 Thread 0x00000241485c8800 9344   !   3       java.lang.Class::getEnumConstantsShared (71 bytes)
Event: 30.241 Thread 0x00000241485c8800 nmethod 9344 0x0000024133650b90 code [0x0000024133650e20, 0x0000024133651a18]
Event: 30.242 Thread 0x00000241485c8800 9346   !   3       sun.management.Util::newObjectName (15 bytes)
Event: 30.242 Thread 0x00000241485c8800 nmethod 9346 0x0000024133651f10 code [0x0000024133652100, 0x0000024133652478]
Event: 30.242 Thread 0x00000241485c8800 9347       3       sun.management.Util::newObjectName (11 bytes)
Event: 30.245 Thread 0x00000241485c8800 nmethod 9347 0x0000024133652610 code [0x0000024133652b40, 0x0000024133655b08]
Event: 30.245 Thread 0x00000241485c8800 9348       3       java.lang.invoke.DelegatingMethodHandle$Holder::reinvoke_L (18 bytes)
Event: 30.245 Thread 0x00000241485c8800 nmethod 9348 0x0000024133656d90 code [0x0000024133656f60, 0x0000024133657458]
Event: 30.249 Thread 0x00000241485c8800 9349       3       com.android.ide.common.resources.configuration.LocaleQualifier::checkAndSet (18 bytes)
Event: 30.249 Thread 0x00000241485c8800 nmethod 9349 0x0000024133657590 code [0x0000024133657780, 0x0000024133657bc8]
Event: 30.249 Thread 0x00000241485c8800 9350       3       com.android.ide.common.resources.configuration.LocaleQualifier::getQualifier (181 bytes)
Event: 30.251 Thread 0x00000241485c8800 nmethod 9350 0x0000024133657d90 code [0x00000241336582a0, 0x000002413365a6a8]
Event: 30.251 Thread 0x00000241485c8800 9351       3       javax.xml.parsers.SAXParser::<init> (5 bytes)
Event: 30.251 Thread 0x00000241485c8800 nmethod 9351 0x000002413365b290 code [0x000002413365b440, 0x000002413365b598]

GC Heap History (20 events):
Event: 3.482 GC heap before
{Heap before GC invocations=6 (full 0):
 garbage-first heap   total 131072K, used 66229K [0x0000000080000000, 0x0000000100000000)
  region size 1024K, 49 young (50176K), 1 survivors (1024K)
 Metaspace       used 25655K, capacity 26290K, committed 26496K, reserved 1073152K
  class space    used 3355K, capacity 3598K, committed 3712K, reserved 1048576K
}
Event: 3.486 GC heap after
{Heap after GC invocations=7 (full 0):
 garbage-first heap   total 157696K, used 18698K [0x0000000080000000, 0x0000000100000000)
  region size 1024K, 3 young (3072K), 3 survivors (3072K)
 Metaspace       used 25655K, capacity 26290K, committed 26496K, reserved 1073152K
  class space    used 3355K, capacity 3598K, committed 3712K, reserved 1048576K
}
Event: 4.405 GC heap before
{Heap before GC invocations=7 (full 0):
 garbage-first heap   total 157696K, used 79114K [0x0000000080000000, 0x0000000100000000)
  region size 1024K, 63 young (64512K), 3 survivors (3072K)
 Metaspace       used 35056K, capacity 35829K, committed 35840K, reserved 1081344K
  class space    used 4540K, capacity 4864K, committed 4864K, reserved 1048576K
}
Event: 4.413 GC heap after
{Heap after GC invocations=8 (full 0):
 garbage-first heap   total 157696K, used 22291K [0x0000000080000000, 0x0000000100000000)
  region size 1024K, 6 young (6144K), 6 survivors (6144K)
 Metaspace       used 35056K, capacity 35829K, committed 35840K, reserved 1081344K
  class space    used 4540K, capacity 4864K, committed 4864K, reserved 1048576K
}
Event: 5.154 GC heap before
{Heap before GC invocations=9 (full 0):
 garbage-first heap   total 157696K, used 98067K [0x0000000080000000, 0x0000000100000000)
  region size 1024K, 77 young (78848K), 6 survivors (6144K)
 Metaspace       used 40377K, capacity 41328K, committed 41420K, reserved 1085440K
  class space    used 5192K, capacity 5533K, committed 5580K, reserved 1048576K
}
Event: 5.168 GC heap after
{Heap after GC invocations=10 (full 0):
 garbage-first heap   total 157696K, used 27442K [0x0000000080000000, 0x0000000100000000)
  region size 1024K, 9 young (9216K), 9 survivors (9216K)
 Metaspace       used 40377K, capacity 41328K, committed 41420K, reserved 1085440K
  class space    used 5192K, capacity 5533K, committed 5580K, reserved 1048576K
}
Event: 6.146 GC heap before
{Heap before GC invocations=10 (full 0):
 garbage-first heap   total 157696K, used 102194K [0x0000000080000000, 0x0000000100000000)
  region size 1024K, 82 young (83968K), 9 survivors (9216K)
 Metaspace       used 46608K, capacity 47850K, committed 47948K, reserved 1091584K
  class space    used 5969K, capacity 6407K, committed 6476K, reserved 1048576K
}
Event: 6.161 GC heap after
{Heap after GC invocations=11 (full 0):
 garbage-first heap   total 157696K, used 29984K [0x0000000080000000, 0x0000000100000000)
  region size 1024K, 8 young (8192K), 8 survivors (8192K)
 Metaspace       used 46608K, capacity 47850K, committed 47948K, reserved 1091584K
  class space    used 5969K, capacity 6407K, committed 6476K, reserved 1048576K
}
Event: 8.178 GC heap before
{Heap before GC invocations=11 (full 0):
 garbage-first heap   total 157696K, used 118048K [0x0000000080000000, 0x0000000100000000)
  region size 1024K, 91 young (93184K), 8 survivors (8192K)
 Metaspace       used 55655K, capacity 57019K, committed 57292K, reserved 1099776K
  class space    used 7044K, capacity 7544K, committed 7628K, reserved 1048576K
}
Event: 8.197 GC heap after
{Heap after GC invocations=12 (full 0):
 garbage-first heap   total 157696K, used 43306K [0x0000000080000000, 0x0000000100000000)
  region size 1024K, 12 young (12288K), 12 survivors (12288K)
 Metaspace       used 55655K, capacity 57019K, committed 57292K, reserved 1099776K
  class space    used 7044K, capacity 7544K, committed 7628K, reserved 1048576K
}
Event: 9.306 GC heap before
{Heap before GC invocations=12 (full 0):
 garbage-first heap   total 157696K, used 60714K [0x0000000080000000, 0x0000000100000000)
  region size 1024K, 30 young (30720K), 12 survivors (12288K)
 Metaspace       used 58693K, capacity 60216K, committed 60236K, reserved 1101824K
  class space    used 7440K, capacity 7993K, committed 8012K, reserved 1048576K
}
Event: 9.323 GC heap after
{Heap after GC invocations=13 (full 0):
 garbage-first heap   total 189440K, used 45813K [0x0000000080000000, 0x0000000100000000)
  region size 1024K, 3 young (3072K), 3 survivors (3072K)
 Metaspace       used 58693K, capacity 60216K, committed 60236K, reserved 1101824K
  class space    used 7440K, capacity 7993K, committed 8012K, reserved 1048576K
}
Event: 10.366 GC heap before
{Heap before GC invocations=14 (full 0):
 garbage-first heap   total 189440K, used 116469K [0x0000000080000000, 0x0000000100000000)
  region size 1024K, 72 young (73728K), 3 survivors (3072K)
 Metaspace       used 63266K, capacity 64860K, committed 64972K, reserved 1105920K
  class space    used 8044K, capacity 8632K, committed 8652K, reserved 1048576K
}
Event: 10.374 GC heap after
{Heap after GC invocations=15 (full 0):
 garbage-first heap   total 189440K, used 50891K [0x0000000080000000, 0x0000000100000000)
  region size 1024K, 8 young (8192K), 8 survivors (8192K)
 Metaspace       used 63266K, capacity 64860K, committed 64972K, reserved 1105920K
  class space    used 8044K, capacity 8632K, committed 8652K, reserved 1048576K
}
Event: 12.301 GC heap before
{Heap before GC invocations=15 (full 0):
 garbage-first heap   total 189440K, used 123595K [0x0000000080000000, 0x0000000100000000)
  region size 1024K, 79 young (80896K), 8 survivors (8192K)
 Metaspace       used 71393K, capacity 73116K, committed 73292K, reserved 1112064K
  class space    used 9324K, capacity 9924K, committed 10060K, reserved 1048576K
}
Event: 12.312 GC heap after
{Heap after GC invocations=16 (full 0):
 garbage-first heap   total 189440K, used 54972K [0x0000000080000000, 0x0000000100000000)
  region size 1024K, 4 young (4096K), 4 survivors (4096K)
 Metaspace       used 71393K, capacity 73116K, committed 73292K, reserved 1112064K
  class space    used 9324K, capacity 9924K, committed 10060K, reserved 1048576K
}
Event: 14.762 GC heap before
{Heap before GC invocations=16 (full 0):
 garbage-first heap   total 189440K, used 129724K [0x0000000080000000, 0x0000000100000000)
  region size 1024K, 77 young (78848K), 4 survivors (4096K)
 Metaspace       used 79031K, capacity 81057K, committed 81228K, reserved 1120256K
  class space    used 10316K, capacity 11050K, committed 11084K, reserved 1048576K
}
Event: 14.772 GC heap after
{Heap after GC invocations=17 (full 0):
 garbage-first heap   total 189440K, used 59959K [0x0000000080000000, 0x0000000100000000)
  region size 1024K, 9 young (9216K), 9 survivors (9216K)
 Metaspace       used 79031K, capacity 81057K, committed 81228K, reserved 1120256K
  class space    used 10316K, capacity 11050K, committed 11084K, reserved 1048576K
}
Event: 26.067 GC heap before
{Heap before GC invocations=17 (full 0):
 garbage-first heap   total 189440K, used 133687K [0x0000000080000000, 0x0000000100000000)
  region size 1024K, 82 young (83968K), 9 survivors (9216K)
 Metaspace       used 80995K, capacity 83083K, committed 83276K, reserved 1122304K
  class space    used 10516K, capacity 11305K, committed 11340K, reserved 1048576K
}
Event: 26.089 GC heap after
{Heap after GC invocations=18 (full 0):
 garbage-first heap   total 189440K, used 67817K [0x0000000080000000, 0x0000000100000000)
  region size 1024K, 11 young (11264K), 11 survivors (11264K)
 Metaspace       used 80995K, capacity 83083K, committed 83276K, reserved 1122304K
  class space    used 10516K, capacity 11305K, committed 11340K, reserved 1048576K
}

Deoptimization events (20 events):
Event: 26.344 Thread 0x000002414cd5c000 DEOPT PACKING pc=0x00000241335e80ea sp=0x0000007194ff9f60
Event: 26.344 Thread 0x000002414cd5c000 DEOPT UNPACKING pc=0x0000024131d576ce sp=0x0000007194ff9480 mode 0
Event: 26.384 Thread 0x000002414cd5c000 DEOPT PACKING pc=0x00000241335e7e97 sp=0x0000007194ff9f60
Event: 26.384 Thread 0x000002414cd5c000 DEOPT UNPACKING pc=0x0000024131d576ce sp=0x0000007194ff9480 mode 0
Event: 26.995 Thread 0x000002414cd5c000 Uncommon trap: trap_request=0xffffff4d fr.pc=0x0000024139aadd3c relative=0x00000000000005dc
Event: 26.995 Thread 0x000002414cd5c000 Uncommon trap: reason=unstable_if action=reinterpret pc=0x0000024139aadd3c method=org.apache.xerces.impl.XMLEntityScanner.scanLiteral(ILorg/apache/xerces/xni/XMLString;)I @ 43 c2
Event: 26.995 Thread 0x000002414cd5c000 DEOPT PACKING pc=0x0000024139aadd3c sp=0x0000007194ff9b70
Event: 26.995 Thread 0x000002414cd5c000 DEOPT UNPACKING pc=0x0000024131d578af sp=0x0000007194ff9af0 mode 2
Event: 27.640 Thread 0x000002414cd5c000 Uncommon trap: trap_request=0xffffffc6 fr.pc=0x0000024139d34c60 relative=0x0000000000000500
Event: 27.640 Thread 0x000002414cd5c000 Uncommon trap: reason=bimorphic_or_optimized_type_check action=maybe_recompile pc=0x0000024139d34c60 method=org.apache.xerces.dom.NamedNodeMapImpl.findNamePoint(Ljava/lang/String;I)I @ 50 c2
Event: 27.640 Thread 0x000002414cd5c000 DEOPT PACKING pc=0x0000024139d34c60 sp=0x0000007194ff9910
Event: 27.640 Thread 0x000002414cd5c000 DEOPT UNPACKING pc=0x0000024131d578af sp=0x0000007194ff98a8 mode 2
Event: 27.641 Thread 0x000002414cd5c000 Uncommon trap: trap_request=0xffffff4d fr.pc=0x0000024139d2ca70 relative=0x0000000000000b30
Event: 27.641 Thread 0x000002414cd5c000 Uncommon trap: reason=unstable_if action=reinterpret pc=0x0000024139d2ca70 method=org.apache.xerces.impl.XMLNSDocumentScannerImpl.scanAttribute(Lorg/apache/xerces/util/XMLAttributesImpl;)V @ 276 c2
Event: 27.641 Thread 0x000002414cd5c000 DEOPT PACKING pc=0x0000024139d2ca70 sp=0x0000007194ff9c60
Event: 27.641 Thread 0x000002414cd5c000 DEOPT UNPACKING pc=0x0000024131d578af sp=0x0000007194ff9c18 mode 2
Event: 27.642 Thread 0x000002414cd5c000 Uncommon trap: trap_request=0xffffff4d fr.pc=0x0000024139d46970 relative=0x0000000000001290
Event: 27.642 Thread 0x000002414cd5c000 Uncommon trap: reason=unstable_if action=reinterpret pc=0x0000024139d46970 method=org.apache.xerces.impl.XMLScanner.scanAttributeValue(Lorg/apache/xerces/xni/XMLString;Lorg/apache/xerces/xni/XMLString;Ljava/lang/String;ZLjava/lang/String;)Z @ 642 c2
Event: 27.642 Thread 0x000002414cd5c000 DEOPT PACKING pc=0x0000024139d46970 sp=0x0000007194ff9b80
Event: 27.642 Thread 0x000002414cd5c000 DEOPT UNPACKING pc=0x0000024131d578af sp=0x0000007194ff9b50 mode 2

Classes redefined (0 events):
No events

Internal exceptions (20 events):
Event: 13.986 Thread 0x000002414b68e800 Exception <a 'java/lang/NoSuchMethodError'{0x00000000888cbc30}: <clinit>> (0x00000000888cbc30) thrown at [./src/hotspot/share/prims/jni.cpp, line 1362]
Event: 13.990 Thread 0x000002414b68e800 Exception <a 'java/lang/NoSuchMethodError'{0x0000000088703c38}: <clinit>> (0x0000000088703c38) thrown at [./src/hotspot/share/prims/jni.cpp, line 1362]
Event: 13.991 Thread 0x000002414b68e800 Exception <a 'java/lang/NoSuchMethodError'{0x0000000088714758}: <clinit>> (0x0000000088714758) thrown at [./src/hotspot/share/prims/jni.cpp, line 1362]
Event: 13.992 Thread 0x000002414b68e800 Exception <a 'java/lang/NoSuchMethodError'{0x0000000088715a30}: <clinit>> (0x0000000088715a30) thrown at [./src/hotspot/share/prims/jni.cpp, line 1362]
Event: 14.013 Thread 0x000002414c65a000 Exception <a 'java/lang/NoSuchMethodError'{0x000000008857da30}: <clinit>> (0x000000008857da30) thrown at [./src/hotspot/share/prims/jni.cpp, line 1362]
Event: 14.014 Thread 0x000002414c65a000 Exception <a 'java/lang/NoSuchMethodError'{0x0000000088592070}: <clinit>> (0x0000000088592070) thrown at [./src/hotspot/share/prims/jni.cpp, line 1362]
Event: 14.015 Thread 0x000002414c65a000 Exception <a 'java/lang/NoSuchMethodError'{0x00000000885ab2f8}: <clinit>> (0x00000000885ab2f8) thrown at [./src/hotspot/share/prims/jni.cpp, line 1362]
Event: 14.051 Thread 0x000002414b68e800 Exception <a 'java/lang/NoSuchMethodError'{0x00000000883bfba8}: <clinit>> (0x00000000883bfba8) thrown at [./src/hotspot/share/prims/jni.cpp, line 1362]
Event: 14.100 Thread 0x000002414cd60000 Exception <a 'java/lang/NoSuchMethodError'{0x000000008824fe70}: 'java.lang.Object java.lang.invoke.Invokers$Holder.linkToTargetMethod(java.lang.Object, java.lang.Object, java.lang.Object, int, java.lang.Object, java.lang.Object)'> (0x000000008824fe70) thrown at [./src/hotspot/share/interpreter/linkResolver.cpp, line 773]
Event: 14.110 Thread 0x000002414cd60000 Exception <a 'java/lang/IncompatibleClassChangeError'{0x00000000882d30b0}: Found class java.lang.Object, but interface was expected> (0x00000000882d30b0) thrown at [./src/hotspot/share/interpreter/linkResolver.cpp, line 839]
Event: 14.152 Thread 0x000002414cd60000 Exception <a 'java/lang/NoSuchMethodError'{0x000000008804d4a8}: 'void java.lang.invoke.DirectMethodHandle$Holder.invokeVirtual(java.lang.Object, java.lang.Object)'> (0x000000008804d4a8) thrown at [./src/hotspot/share/interpreter/linkResolver.cpp, line 773]
Event: 14.262 Thread 0x000002414cd60000 Exception <a 'java/lang/NoSuchMethodError'{0x0000000087dba0d0}: 'void java.lang.invoke.DirectMethodHandle$Holder.invokeStatic(java.lang.Object, java.lang.Object, java.lang.Object, java.lang.Object, java.lang.Object, java.lang.Object, java.lang.Object)'> (0x0000000087dba0d0) thrown at [./src/hotspot/share/interpreter/linkResolver.cpp, line 773]
Event: 14.283 Thread 0x000002414b68e800 Exception <a 'java/lang/NoSuchMethodError'{0x0000000087b069f0}: <clinit>> (0x0000000087b069f0) thrown at [./src/hotspot/share/prims/jni.cpp, line 1362]
Event: 14.310 Thread 0x000002414cd60000 Exception <a 'sun/nio/fs/WindowsException'{0x0000000087bbd758}> (0x0000000087bbd758) thrown at [./src/hotspot/share/prims/jni.cpp, line 615]
Event: 14.310 Thread 0x000002414cd60000 Exception <a 'sun/nio/fs/WindowsException'{0x0000000087bbe628}> (0x0000000087bbe628) thrown at [./src/hotspot/share/prims/jni.cpp, line 615]
Event: 14.343 Thread 0x000002414cd5f000 Exception <a 'sun/nio/fs/WindowsException'{0x000000008799c490}> (0x000000008799c490) thrown at [./src/hotspot/share/prims/jni.cpp, line 615]
Event: 14.781 Thread 0x000002414c657800 Exception <a 'java/lang/NoSuchMethodError'{0x000000008b724308}: 'java.lang.Object java.lang.invoke.DirectMethodHandle$Holder.invokeSpecialIFC(java.lang.Object, java.lang.Object, java.lang.Object)'> (0x000000008b724308) thrown at [./src/hotspot/share/interpreter/linkResolver.cpp, line 773]
Event: 14.781 Thread 0x000002414c658000 Exception <a 'java/lang/NoSuchMethodError'{0x000000008b72bd50}: 'java.lang.Object java.lang.invoke.DirectMethodHandle$Holder.invokeSpecialIFC(java.lang.Object, java.lang.Object, java.lang.Object)'> (0x000000008b72bd50) thrown at [./src/hotspot/share/interpreter/linkResolver.cpp, line 773]
Event: 14.846 Thread 0x000002414c658000 Exception <a 'java/lang/NoSuchMethodError'{0x000000008b6e32b0}: 'int java.lang.invoke.DirectMethodHandle$Holder.invokeStaticInit(java.lang.Object, java.lang.Object, java.lang.Object, java.lang.Object, java.lang.Object)'> (0x000000008b6e32b0) thrown at [./src/hotspot/share/interpreter/linkResolver.cpp, line 773]
Event: 19.384 Thread 0x000002414a8da800 Exception <a 'java/lang/NoSuchMethodError'{0x0000000089405648}: <clinit>> (0x0000000089405648) thrown at [./src/hotspot/share/prims/jni.cpp, line 1362]

Events (20 events):
Event: 23.840 loading class com/android/resources/HighDynamicRange
Event: 23.840 loading class com/android/resources/HighDynamicRange done
Event: 23.841 loading class com/android/resources/ScreenOrientation
Event: 23.841 loading class com/android/resources/ScreenOrientation done
Event: 23.841 loading class com/android/resources/UiMode
Event: 23.841 loading class com/android/resources/UiMode done
Event: 23.842 loading class com/android/resources/NightMode
Event: 23.842 loading class com/android/resources/NightMode done
Event: 23.842 loading class com/android/resources/TouchScreen
Event: 23.842 loading class com/android/resources/TouchScreen done
Event: 23.842 loading class com/android/resources/KeyboardState
Event: 23.842 loading class com/android/resources/KeyboardState done
Event: 23.842 loading class com/android/resources/Keyboard
Event: 23.842 loading class com/android/resources/Keyboard done
Event: 23.843 loading class com/android/resources/NavigationState
Event: 23.843 loading class com/android/resources/NavigationState done
Event: 23.843 loading class com/android/resources/Navigation
Event: 23.843 loading class com/android/resources/Navigation done
Event: 26.066 Executing VM operation: G1CollectForAllocation
Event: 26.089 Executing VM operation: G1CollectForAllocation done


Dynamic libraries:
0x00007ff7c6880000 - 0x00007ff7c688a000 	D:\andrid-studio\jre\bin\java.exe
0x00007ffee5ad0000 - 0x00007ffee5cc5000 	C:\Windows\SYSTEM32\ntdll.dll
0x00007ffee43b0000 - 0x00007ffee446e000 	C:\Windows\System32\KERNEL32.DLL
0x00007ffee3400000 - 0x00007ffee36c8000 	C:\Windows\System32\KERNELBASE.dll
0x00007ffee31e0000 - 0x00007ffee32e0000 	C:\Windows\System32\ucrtbase.dll
0x00007ffecf490000 - 0x00007ffecf4a7000 	D:\andrid-studio\jre\bin\VCRUNTIME140.dll
0x00007ffecf370000 - 0x00007ffecf389000 	D:\andrid-studio\jre\bin\jli.dll
0x00007ffee3b10000 - 0x00007ffee3cb1000 	C:\Windows\System32\USER32.dll
0x00007ffee3780000 - 0x00007ffee37a2000 	C:\Windows\System32\win32u.dll
0x00007ffee4510000 - 0x00007ffee453b000 	C:\Windows\System32\GDI32.dll
0x00007ffee3910000 - 0x00007ffee3a1d000 	C:\Windows\System32\gdi32full.dll
0x00007ffee3310000 - 0x00007ffee33ad000 	C:\Windows\System32\msvcp_win.dll
0x00007ffed0610000 - 0x00007ffed08aa000 	C:\Windows\WinSxS\amd64_microsoft.windows.common-controls_6595b64144ccf1df_6.0.19041.1110_none_60b5254171f9507e\COMCTL32.dll
0x00007ffee4aa0000 - 0x00007ffee4b3e000 	C:\Windows\System32\msvcrt.dll
0x00007ffee4620000 - 0x00007ffee4650000 	C:\Windows\System32\IMM32.DLL
0x00007ffeb5cd0000 - 0x00007ffeb5d6d000 	D:\andrid-studio\jre\bin\msvcp140.dll
0x00007ffe8b7a0000 - 0x00007ffe8c26f000 	D:\andrid-studio\jre\bin\server\jvm.dll
0x00007ffee4830000 - 0x00007ffee48dc000 	C:\Windows\System32\ADVAPI32.dll
0x00007ffee4470000 - 0x00007ffee450b000 	C:\Windows\System32\sechost.dll
0x00007ffee3d70000 - 0x00007ffee3e9a000 	C:\Windows\System32\RPCRT4.dll
0x00007ffee4610000 - 0x00007ffee4618000 	C:\Windows\System32\PSAPI.DLL
0x00007ffedef60000 - 0x00007ffedef69000 	C:\Windows\SYSTEM32\WSOCK32.dll
0x00007ffedec00000 - 0x00007ffedec27000 	C:\Windows\SYSTEM32\WINMM.dll
0x00007ffed46e0000 - 0x00007ffed46ea000 	C:\Windows\SYSTEM32\VERSION.dll
0x00007ffee4700000 - 0x00007ffee476b000 	C:\Windows\System32\WS2_32.dll
0x00007ffee10d0000 - 0x00007ffee10e2000 	C:\Windows\SYSTEM32\kernel.appcore.dll
0x00007ffedec50000 - 0x00007ffedec61000 	D:\andrid-studio\jre\bin\verify.dll
0x00007ffec9c10000 - 0x00007ffec9df4000 	C:\Windows\SYSTEM32\DBGHELP.DLL
0x00007ffec9be0000 - 0x00007ffec9c0c000 	C:\Windows\SYSTEM32\dbgcore.DLL
0x00007ffee3a80000 - 0x00007ffee3b02000 	C:\Windows\System32\bcryptPrimitives.dll
0x00007ffedbd80000 - 0x00007ffedbda9000 	D:\andrid-studio\jre\bin\java.dll
0x00007ffedde20000 - 0x00007ffedde2b000 	D:\andrid-studio\jre\bin\jimage.dll
0x00007ffedbd60000 - 0x00007ffedbd78000 	D:\andrid-studio\jre\bin\zip.dll
0x00007ffee51c0000 - 0x00007ffee5904000 	C:\Windows\System32\SHELL32.dll
0x00007ffee12d0000 - 0x00007ffee1a64000 	C:\Windows\SYSTEM32\windows.storage.dll
0x00007ffee3ea0000 - 0x00007ffee41f5000 	C:\Windows\System32\combase.dll
0x00007ffee2b60000 - 0x00007ffee2b8e000 	C:\Windows\SYSTEM32\Wldp.dll
0x00007ffee3cc0000 - 0x00007ffee3d6d000 	C:\Windows\System32\SHCORE.dll
0x00007ffee47d0000 - 0x00007ffee4825000 	C:\Windows\System32\shlwapi.dll
0x00007ffee3120000 - 0x00007ffee313f000 	C:\Windows\SYSTEM32\profapi.dll
0x00007ffedbd40000 - 0x00007ffedbd5a000 	D:\andrid-studio\jre\bin\net.dll
0x00007ffed0ed0000 - 0x00007ffed0fdc000 	C:\Windows\SYSTEM32\WINHTTP.dll
0x00007ffee28c0000 - 0x00007ffee292a000 	C:\Windows\system32\mswsock.dll
0x00007ffed4e50000 - 0x00007ffed4e64000 	D:\andrid-studio\jre\bin\nio.dll
0x00007ffed0a20000 - 0x00007ffed0a47000 	C:\Users\mahdi\.gradle\native\8bec1ad78214c89d9ad589b4d07fe93259594b29d510b10fafb7a158f7737e5d\windows-amd64\native-platform.dll
0x00007ffeb57a0000 - 0x00007ffeb58dd000 	C:\Users\mahdi\.gradle\native\53dbd7edfb1c66fb8903c78663c9afc45aea4f116125fa6feffd364cf09443e8\windows-amd64\native-platform-file-events.dll
0x00007ffedddd0000 - 0x00007ffedddda000 	D:\andrid-studio\jre\bin\management.dll
0x00007ffedd980000 - 0x00007ffedd98c000 	D:\andrid-studio\jre\bin\management_ext.dll
0x00007ffee2ac0000 - 0x00007ffee2ad8000 	C:\Windows\SYSTEM32\CRYPTSP.dll
0x00007ffee2240000 - 0x00007ffee2274000 	C:\Windows\system32\rsaenh.dll
0x00007ffee32e0000 - 0x00007ffee3307000 	C:\Windows\System32\bcrypt.dll
0x00007ffee30e0000 - 0x00007ffee310e000 	C:\Windows\SYSTEM32\USERENV.dll
0x00007ffee2ab0000 - 0x00007ffee2abc000 	C:\Windows\SYSTEM32\CRYPTBASE.dll
0x00007ffee25b0000 - 0x00007ffee25eb000 	C:\Windows\SYSTEM32\IPHLPAPI.DLL
0x00007ffee5910000 - 0x00007ffee5918000 	C:\Windows\System32\NSI.dll
0x00007ffed5a40000 - 0x00007ffed5a57000 	C:\Windows\SYSTEM32\dhcpcsvc6.DLL
0x00007ffed58b0000 - 0x00007ffed58cd000 	C:\Windows\SYSTEM32\dhcpcsvc.DLL
0x00007ffee25f0000 - 0x00007ffee26bb000 	C:\Windows\SYSTEM32\DNSAPI.dll

dbghelp: loaded successfully - version: 4.0.5 - missing functions: none
symbol engine: initialized successfully - sym options: 0x614 - pdb path: .;D:\andrid-studio\jre\bin;C:\Windows\SYSTEM32;C:\Windows\WinSxS\amd64_microsoft.windows.common-controls_6595b64144ccf1df_6.0.19041.1110_none_60b5254171f9507e;D:\andrid-studio\jre\bin\server;C:\Users\mahdi\.gradle\native\8bec1ad78214c89d9ad589b4d07fe93259594b29d510b10fafb7a158f7737e5d\windows-amd64;C:\Users\mahdi\.gradle\native\53dbd7edfb1c66fb8903c78663c9afc45aea4f116125fa6feffd364cf09443e8\windows-amd64

VM Arguments:
jvm_args: --add-opens=java.base/java.util=ALL-UNNAMED --add-opens=java.base/java.lang=ALL-UNNAMED --add-opens=java.base/java.lang.invoke=ALL-UNNAMED --add-opens=java.base/java.util=ALL-UNNAMED --add-opens=java.prefs/java.util.prefs=ALL-UNNAMED --add-opens=java.prefs/java.util.prefs=ALL-UNNAMED --add-opens=java.base/java.nio.charset=ALL-UNNAMED --add-opens=java.base/java.net=ALL-UNNAMED --add-opens=java.base/java.util.concurrent.atomic=ALL-UNNAMED -Xmx2048m -Dfile.encoding=UTF-8 -Duser.country=US -Duser.language=en -Duser.variant 
java_command: org.gradle.launcher.daemon.bootstrap.GradleDaemon 7.0.2
java_class_path (initial): C:\Users\mahdi\.gradle\wrapper\dists\gradle-7.0.2-bin\857tjihv64xamwrf0h14cai3r\gradle-7.0.2\lib\gradle-launcher-7.0.2.jar
Launcher Type: SUN_STANDARD

[Global flags]
     intx CICompilerCount                          = 3                                         {product} {ergonomic}
     uint ConcGCThreads                            = 1                                         {product} {ergonomic}
     uint G1ConcRefinementThreads                  = 4                                         {product} {ergonomic}
   size_t G1HeapRegionSize                         = 1048576                                   {product} {ergonomic}
    uintx GCDrainStackTargetSize                   = 64                                        {product} {ergonomic}
   size_t InitialHeapSize                          = 134217728                                 {product} {ergonomic}
   size_t MarkStackSize                            = 4194304                                   {product} {ergonomic}
   size_t MaxHeapSize                              = 2147483648                                {product} {command line}
   size_t MaxNewSize                               = 1287651328                                {product} {ergonomic}
   size_t MinHeapDeltaBytes                        = 1048576                                   {product} {ergonomic}
    uintx NonNMethodCodeHeapSize                   = 5830732                                {pd product} {ergonomic}
    uintx NonProfiledCodeHeapSize                  = 122913754                              {pd product} {ergonomic}
    uintx ProfiledCodeHeapSize                     = 122913754                              {pd product} {ergonomic}
    uintx ReservedCodeCacheSize                    = 251658240                              {pd product} {ergonomic}
     bool SegmentedCodeCache                       = true                                      {product} {ergonomic}
     bool UseCompressedClassPointers               = true                                 {lp64_product} {ergonomic}
     bool UseCompressedOops                        = true                                 {lp64_product} {ergonomic}
     bool UseG1GC                                  = true                                      {product} {ergonomic}
     bool UseLargePagesIndividualAllocation        = false                                  {pd product} {ergonomic}

Logging:
Log output configuration:
 #0: stdout all=warning uptime,level,tags
 #1: stderr all=off uptime,level,tags

Environment Variables:
PATH=C:\Program Files\Common Files\Oracle\Java\javapath;C:\Windows\system32;C:\Windows;C:\Windows\System32\Wbem;C:\Windows\System32\WindowsPowerShell\v1.0\;C:\Windows\System32\OpenSSH\;C:\Program Files\PuTTY\;C:\Program Files\Microsoft VS Code\bin;C:\xampp\php;C:\ProgramData\ComposerSetup\bin;C:\Program Files (x86)\nodejs\;C:\Program Files\dotnet\;C:\Program Files\Microsoft SQL Server\130\Tools\Binn\;C:\Program Files\Microsoft SQL Server\Client SDK\ODBC\170\Tools\Binn\;C:\Program Files (x86)\Windows Kits\10\bin\10.0.19041.0\x86;C:\Program Files\Git\cmd;C:\Users\mahdi\AppData\Local\Microsoft\WindowsApps;C:\Users\mahdi\AppData\Roaming\Composer\vendor\bin;C:\Users\mahdi\AppData\Roaming\npm;C:\Program Files (x86)\Windows Kits\10\bin\10.0.19041.0\x86;C:\Users\mahdi\.dotnet\tools;C:\Program Files\heroku\bin
USERNAME=mahdi
OS=Windows_NT
PROCESSOR_IDENTIFIER=Intel64 Family 6 Model 158 Stepping 9, GenuineIntel



---------------  S Y S T E M  ---------------

OS: Windows 10 , 64 bit Build 19041 (10.0.19041.1348)
OS uptime: 0 days 21:53 hours

CPU:total 4 (initial active 4) (4 cores per cpu, 1 threads per core) family 6 model 158 stepping 9 microcode 0xb4, cmov, cx8, fxsr, mmx, sse, sse2, sse3, ssse3, sse4.1, sse4.2, popcnt, avx, avx2, aes, clmul, erms, 3dnowpref, lzcnt, tsc, tscinvbit, bmi1, bmi2, adx, fma

Memory: 4k page, system-wide physical 8084M (664M free)
TotalPageFile size 17300M (AvailPageFile size 0M)
current process WorkingSet (physical memory assigned to process): 304M, peak: 409M
current process commit charge ("private bytes"): 447M, peak: 448M

vm_info: OpenJDK 64-Bit Server VM (11.0.10+0-b96-7249189) for windows-amd64 JRE (11.0.10+0-b96-7249189), built on Mar 31 2021 21:44:00 by "builder" with MS VC++ 14.0 (VS2015)

END.
